app-full/build/intermediates/manifest_merge_blame_file/release/processReleaseMainManifest/manifest-merger-blame-release-report.txt
1<?xml version="1.0" encoding="utf-8"?>
2<manifest xmlns:android="http://schemas.android.com/apk/res/android"
3    package="com.sign3.demo.full"
4    android:versionCode="1"
5    android:versionName="1.0" >
6
7    <uses-sdk
7-->INJECTED
8        android:minSdkVersion="24"
8-->INJECTED
9        android:targetSdkVersion="37" />
9-->INJECTED
10
11    <permission
11-->[androidx.core:core:1.18.0] AndroidManifest.xml:22:5-24:47
12        android:name="com.sign3.demo.full.DYNAMIC_RECEIVER_NOT_EXPORTED_PERMISSION"
12-->[androidx.core:core:1.18.0] AndroidManifest.xml:23:9-81
13        android:protectionLevel="signature" />
13-->[androidx.core:core:1.18.0] AndroidManifest.xml:24:9-44
14
15    <uses-permission android:name="com.sign3.demo.full.DYNAMIC_RECEIVER_NOT_EXPORTED_PERMISSION" />
15-->[androidx.core:core:1.18.0] AndroidManifest.xml:26:5-97
15-->[androidx.core:core:1.18.0] AndroidManifest.xml:26:22-94
16
17    <application
17-->src/main/AndroidManifest.xml:4:5-15:19
18        android:appComponentFactory="androidx.core.app.CoreComponentFactory"
18-->[androidx.core:core:1.18.0] AndroidManifest.xml:28:18-86
19        android:extractNativeLibs="false"
19-->INJECTED
20        android:label="Demo lib-full"
20-->src/main/AndroidManifest.xml:5:9-38
21        android:theme="@android:style/Theme.Material.Light.NoActionBar" >
21-->src/main/AndroidManifest.xml:6:9-72
22        <activity
22-->src/main/AndroidManifest.xml:7:9-14:20
23            android:name="com.sign3.demo.full.MainActivity"
23-->src/main/AndroidManifest.xml:8:13-41
24            android:exported="true" >
24-->src/main/AndroidManifest.xml:9:13-36
25            <intent-filter>
25-->src/main/AndroidManifest.xml:10:13-13:29
26                <action android:name="android.intent.action.MAIN" />
26-->src/main/AndroidManifest.xml:11:17-69
26-->src/main/AndroidManifest.xml:11:25-66
27
28                <category android:name="android.intent.category.LAUNCHER" />
28-->src/main/AndroidManifest.xml:12:17-77
28-->src/main/AndroidManifest.xml:12:27-74
29            </intent-filter>
30        </activity>
31
32        <uses-library
32-->[androidx.window:window:1.5.0] AndroidManifest.xml:23:9-25:40
33            android:name="androidx.window.extensions"
33-->[androidx.window:window:1.5.0] AndroidManifest.xml:24:13-54
34            android:required="false" />
34-->[androidx.window:window:1.5.0] AndroidManifest.xml:25:13-37
35        <uses-library
35-->[androidx.window:window:1.5.0] AndroidManifest.xml:26:9-28:40
36            android:name="androidx.window.sidecar"
36-->[androidx.window:window:1.5.0] AndroidManifest.xml:27:13-51
37            android:required="false" />
37-->[androidx.window:window:1.5.0] AndroidManifest.xml:28:13-37
38
39        <provider
39-->[androidx.emoji2:emoji2:1.4.0] AndroidManifest.xml:24:9-32:20
40            android:name="androidx.startup.InitializationProvider"
40-->[androidx.emoji2:emoji2:1.4.0] AndroidManifest.xml:25:13-67
41            android:authorities="com.sign3.demo.full.androidx-startup"
41-->[androidx.emoji2:emoji2:1.4.0] AndroidManifest.xml:26:13-68
42            android:exported="false" >
42-->[androidx.emoji2:emoji2:1.4.0] AndroidManifest.xml:27:13-37
43            <meta-data
43-->[androidx.emoji2:emoji2:1.4.0] AndroidManifest.xml:29:13-31:52
44                android:name="androidx.emoji2.text.EmojiCompatInitializer"
44-->[androidx.emoji2:emoji2:1.4.0] AndroidManifest.xml:30:17-75
45                android:value="androidx.startup" />
45-->[androidx.emoji2:emoji2:1.4.0] AndroidManifest.xml:31:17-49
46            <meta-data
46-->[androidx.lifecycle:lifecycle-process:2.9.4] AndroidManifest.xml:29:13-31:52
47                android:name="androidx.lifecycle.ProcessLifecycleInitializer"
47-->[androidx.lifecycle:lifecycle-process:2.9.4] AndroidManifest.xml:30:17-78
48                android:value="androidx.startup" />
48-->[androidx.lifecycle:lifecycle-process:2.9.4] AndroidManifest.xml:31:17-49
49            <meta-data
49-->[androidx.profileinstaller:profileinstaller:1.4.0] AndroidManifest.xml:29:13-31:52
50                android:name="androidx.profileinstaller.ProfileInstallerInitializer"
50-->[androidx.profileinstaller:profileinstaller:1.4.0] AndroidManifest.xml:30:17-85
51                android:value="androidx.startup" />
51-->[androidx.profileinstaller:profileinstaller:1.4.0] AndroidManifest.xml:31:17-49
52        </provider>
53
54        <receiver
54-->[androidx.profileinstaller:profileinstaller:1.4.0] AndroidManifest.xml:34:9-52:20
55            android:name="androidx.profileinstaller.ProfileInstallReceiver"
55-->[androidx.profileinstaller:profileinstaller:1.4.0] AndroidManifest.xml:35:13-76
56            android:directBootAware="false"
56-->[androidx.profileinstaller:profileinstaller:1.4.0] AndroidManifest.xml:36:13-44
57            android:enabled="true"
57-->[androidx.profileinstaller:profileinstaller:1.4.0] AndroidManifest.xml:37:13-35
58            android:exported="true"
58-->[androidx.profileinstaller:profileinstaller:1.4.0] AndroidManifest.xml:38:13-36
59            android:permission="android.permission.DUMP" >
59-->[androidx.profileinstaller:profileinstaller:1.4.0] AndroidManifest.xml:39:13-57
60            <intent-filter>
60-->[androidx.profileinstaller:profileinstaller:1.4.0] AndroidManifest.xml:40:13-42:29
61                <action android:name="androidx.profileinstaller.action.INSTALL_PROFILE" />
61-->[androidx.profileinstaller:profileinstaller:1.4.0] AndroidManifest.xml:41:17-91
61-->[androidx.profileinstaller:profileinstaller:1.4.0] AndroidManifest.xml:41:25-88
62            </intent-filter>
63            <intent-filter>
63-->[androidx.profileinstaller:profileinstaller:1.4.0] AndroidManifest.xml:43:13-45:29
64                <action android:name="androidx.profileinstaller.action.SKIP_FILE" />
64-->[androidx.profileinstaller:profileinstaller:1.4.0] AndroidManifest.xml:44:17-85
64-->[androidx.profileinstaller:profileinstaller:1.4.0] AndroidManifest.xml:44:25-82
65            </intent-filter>
66            <intent-filter>
66-->[androidx.profileinstaller:profileinstaller:1.4.0] AndroidManifest.xml:46:13-48:29
67                <action android:name="androidx.profileinstaller.action.SAVE_PROFILE" />
67-->[androidx.profileinstaller:profileinstaller:1.4.0] AndroidManifest.xml:47:17-88
67-->[androidx.profileinstaller:profileinstaller:1.4.0] AndroidManifest.xml:47:25-85
68            </intent-filter>
69            <intent-filter>
69-->[androidx.profileinstaller:profileinstaller:1.4.0] AndroidManifest.xml:49:13-51:29
70                <action android:name="androidx.profileinstaller.action.BENCHMARK_OPERATION" />
70-->[androidx.profileinstaller:profileinstaller:1.4.0] AndroidManifest.xml:50:17-95
70-->[androidx.profileinstaller:profileinstaller:1.4.0] AndroidManifest.xml:50:25-92
71            </intent-filter>
72        </receiver>
73    </application>
74
75</manifest>